\BOOKMARK [0][-]{part.1}{I Interpolation polynomiale}{}% 1
\BOOKMARK [1][-]{section.1.1}{Existence et unicit\351}{part.1}% 2
\BOOKMARK [1][-]{section.1.2}{Construction du polyn\364me d'interpolation}{part.1}% 3
\BOOKMARK [2][-]{subsection.1.2.1}{Construction \340 partir de la base de Lagrange}{section.1.2}% 4
\BOOKMARK [3][-]{section*.3}{Recherche du polyn\364me \040: }{subsection.1.2.1}% 5
\BOOKMARK [2][-]{subsection.1.2.2}{Construction \340 partir de la base de Newton}{section.1.2}% 6
\BOOKMARK [1][-]{section.1.3}{Convergence, \351tude d'erreur}{part.1}% 7
\BOOKMARK [1][-]{section.1.4}{Splines}{part.1}% 8
\BOOKMARK [2][-]{subsection.1.4.1}{G\351n\351ralit\351s}{section.1.4}% 9
\BOOKMARK [2][-]{subsection.1.4.2}{Splines cubiques}{section.1.4}% 10
\BOOKMARK [0][-]{part.2}{II Int\351gration num\351rique}{}% 11
\BOOKMARK [1][-]{section.2.1}{Pr\351liminaires}{part.2}% 12
\BOOKMARK [1][-]{section.2.2}{Exemples de quadrature de type Newton-Cotes}{part.2}% 13
\BOOKMARK [2][-]{subsection.2.2.1}{M\351thode du point milieu}{section.2.2}% 14
\BOOKMARK [2][-]{subsection.2.2.2}{M\351thode du trap\350ze}{section.2.2}% 15
\BOOKMARK [2][-]{subsection.2.2.3}{M\351thode de Simpson}{section.2.2}% 16
\BOOKMARK [2][-]{subsection.2.2.4}{M\351thode de Newton-Cotes}{section.2.2}% 17
\BOOKMARK [1][-]{section.2.3}{Convergence et stabilit\351}{part.2}% 18
\BOOKMARK [1][-]{section.2.4}{M\351thodes composites}{part.2}% 19
\BOOKMARK [2][-]{subsection.2.4.1}{M\351thode des trap\350zes composite}{section.2.4}% 20
\BOOKMARK [3][-]{subsubsection.2.4.1.1}{D\351fintion de la m\351thode}{subsection.2.4.1}% 21
\BOOKMARK [3][-]{subsubsection.2.4.1.2}{Convergence}{subsection.2.4.1}% 22
\BOOKMARK [3][-]{subsubsection.2.4.1.3}{Stabilit\351}{subsection.2.4.1}% 23
\BOOKMARK [2][-]{subsection.2.4.2}{M\351thode de Simpson composite}{section.2.4}% 24
\BOOKMARK [2][-]{subsection.2.4.3}{M\351thode de Runge}{section.2.4}% 25
\BOOKMARK [2][-]{subsection.2.4.4}{M\351thode de Quadrature de Gauss}{section.2.4}% 26
\BOOKMARK [3][-]{subsubsection.2.4.4.1}{M\351thode de calculs}{subsection.2.4.4}% 27
\BOOKMARK [0][-]{part.3}{III Equation diff\351rentielles, probl\350me de Cauchy}{}% 28
\BOOKMARK [1][-]{section.3.1}{M\351thode \340 un pas}{part.3}% 29
\BOOKMARK [2][-]{subsection.3.1.1}{Etude de la consistance}{section.3.1}% 30
\BOOKMARK [2][-]{subsection.3.1.2}{Etude de la stabilit\351}{section.3.1}% 31
\BOOKMARK [2][-]{subsection.3.1.3}{Convergence}{section.3.1}% 32
\BOOKMARK [2][-]{subsection.3.1.4}{Ordre d'une m\351thode}{section.3.1}% 33
\BOOKMARK [2][-]{subsection.3.1.5}{M\351thodes de Runge-Kutta}{section.3.1}% 34
\BOOKMARK [3][-]{subsubsection.3.1.5.1}{D\351finition de la m\351thode \340 un pas :}{subsection.3.1.5}% 35
\BOOKMARK [3][-]{subsubsection.3.1.5.2}{Comment calculer les it\351rations interm\351diaires ?}{subsection.3.1.5}% 36
\BOOKMARK [3][-]{subsubsection.3.1.5.3}{Ecriture sous forme de tableau}{subsection.3.1.5}% 37
\BOOKMARK [3][-]{subsubsection.3.1.5.4}{Propri\351t\351s de la m\351thode}{subsection.3.1.5}% 38
\BOOKMARK [3][-]{subsubsection.3.1.5.5}{Ordre de Runge-Kutta}{subsection.3.1.5}% 39
\BOOKMARK [1][-]{section.3.2}{M\351thodes \340 pas li\351s}{part.3}% 40
\BOOKMARK [2][-]{subsection.3.2.1}{M\351thode d'Adams}{section.3.2}% 41
\BOOKMARK [2][-]{subsection.3.2.2}{M\351thodes de pr\351diction-correction}{section.3.2}% 42
\BOOKMARK [2][-]{subsection.3.2.3}{Consistance, stabilit\351, convergence, ordre}{section.3.2}% 43
\BOOKMARK [3][-]{subsubsection.3.2.3.1}{Consistance}{subsection.3.2.3}% 44
\BOOKMARK [3][-]{subsubsection.3.2.3.2}{Stabilit\351}{subsection.3.2.3}% 45
\BOOKMARK [3][-]{subsubsection.3.2.3.3}{Convergence}{subsection.3.2.3}% 46
\BOOKMARK [3][-]{subsubsection.3.2.3.4}{Ordre}{subsection.3.2.3}% 47
